2024-11-13 16:09:15,157 INFO  [org.jboss.modules] (main) JBoss Modules version 2.1.5.Final
2024-11-13 16:09:15,577 INFO  [org.jboss.msc] (main) JBoss MSC version 1.5.5.Final
2024-11-13 16:09:15,588 INFO  [org.jboss.threads] (main) JBoss Threads version 2.4.0.Final
2024-11-13 16:09:15,667 INFO  [org.jboss.as] (MSC service thread 1-1) WFLYSRV0049: WildFly 33.0.1.Final (WildFly Core 25.0.1.Final) starting
2024-11-13 16:09:15,669 DEBUG [org.jboss.as.config] (MSC service thread 1-1) Configured system properties:
	file.encoding = UTF-8
	file.separator = \
	java.awt.headless = true
	java.class.path = C:\Dev\Projects\1\lab2_web_itmo\wildfly\jboss-modules.jar
	java.class.version = 65.0
	java.home = C:\Program Files\Java\jdk-21
	java.io.tmpdir = C:\Users\user\AppData\Local\Temp\
	java.library.path = C:\Program Files\Java\jdk-21\bin;C:\Windows\Sun\Java\bin;C:\Windows\system32;C:\Windows;C:\Program Files\FFmpeg\bin;C:\Program Files\Common Files\Oracle\Java\javapath;C:\Program Files\Python311\Scripts\;C:\Program Files\Python311\;C:\Windows\system32;C:\Windows;C:\Windows\System32\Wbem;C:\Windows\System32\WindowsPowerShell\v1.0\;C:\Windows\System32\OpenSSH\;C:\Program Files\NVIDIA Corporation\NVIDIA NvDLISR;C:\Program Files (x86)\NVIDIA Corporation\PhysX\Common;C:\Program Files\Git\cmd;C:\Program Files\Git\bin;C:\Gradle\gradle-8.6\bin;C:\Program Files\Wolfram Research\WolframScript\;C:\DevUtils\putty\;C:\Program Files (x86)\Microsoft SQL Server\160\Tools\Binn\;C:\Program Files\Microsoft SQL Server\160\Tools\Binn\;C:\Program Files\Microsoft SQL Server\Client SDK\ODBC\170\Tools\Binn\;C:\Program Files\Microsoft SQL Server\160\DTS\Binn\;C:\Program Files (x86)\Microsoft SQL Server\160\DTS\Binn\;C:\Users\user\AppData\Local\Microsoft\WindowsApps;C:\Users\user\AppData\Local\Programs\Microsoft VS Code\bin;C:\Program Files\nodejs\;C:\Program Files\dotnet\;C:\Program Files\Java\jdk-17\bin;C:\Program Files\LLVM\bin;C:\Program Files\CMake\bin;C:\Program Files\Ninja\bin;C:\Program Files (x86)\Windows Kits\10\Windows Performance Toolkit\;C:\Program Files\Docker\Docker\resources\bin;C:\Users\user\AppData\Local\Microsoft\WindowsApps;C:\Users\user\AppData\Local\Programs\Microsoft VS Code\bin;C:\Users\user\AppData\Roaming\npm;;.
	java.net.preferIPv4Stack = true
	java.runtime.name = Java(TM) SE Runtime Environment
	java.runtime.version = 21.0.2+13-LTS-58
	java.security.manager = allow
	java.specification.name = Java Platform API Specification
	java.specification.vendor = Oracle Corporation
	java.specification.version = 21
	java.util.logging.manager = org.jboss.logmanager.LogManager
	java.vendor = Oracle Corporation
	java.vendor.url = https://java.oracle.com/
	java.vendor.url.bug = https://bugreport.java.com/bugreport/
	java.version = 21.0.2
	java.version.date = 2024-01-16
	java.vm.compressedOopsMode = 32-bit
	java.vm.info = mixed mode, sharing
	java.vm.name = Java HotSpot(TM) 64-Bit Server VM
	java.vm.specification.name = Java Virtual Machine Specification
	java.vm.specification.vendor = Oracle Corporation
	java.vm.specification.version = 21
	java.vm.vendor = Oracle Corporation
	java.vm.version = 21.0.2+13-LTS-58
	javax.management.builder.initial = org.jboss.as.jmx.PluggableMBeanServerBuilder
	jboss.home.dir = C:\Dev\Projects\1\lab2_web_itmo\wildfly
	jboss.host.name = win-j8b3ie2tg0c
	jboss.modules.system.pkgs = org.jboss.byteman
	jboss.node.name = win-j8b3ie2tg0c
	jboss.qualified.host.name = win-j8b3ie2tg0c
	jboss.server.base.dir = C:\Dev\Projects\1\lab2_web_itmo\wildfly\standalone
	jboss.server.config.dir = C:\Dev\Projects\1\lab2_web_itmo\wildfly\standalone\configuration
	jboss.server.data.dir = C:\Dev\Projects\1\lab2_web_itmo\wildfly\standalone\data
	jboss.server.log.dir = C:\Dev\Projects\1\lab2_web_itmo\wildfly\standalone\log
	jboss.server.name = win-j8b3ie2tg0c
	jboss.server.persist.config = true
	jboss.server.temp.dir = C:\Dev\Projects\1\lab2_web_itmo\wildfly\standalone\tmp
	jdk.debug = release
	jdk.serialFilter = maxbytes=10485760;maxdepth=128;maxarray=100000;maxrefs=300000
	line.separator = 

	logging.configuration = file:C:\Dev\Projects\1\lab2_web_itmo\wildfly\standalone\configuration/logging.properties
	module.path = C:\Dev\Projects\1\lab2_web_itmo\wildfly\modules
	native.encoding = Cp1251
	org.jboss.boot.log.file = C:\Dev\Projects\1\lab2_web_itmo\wildfly\standalone\log/server.log
	org.jboss.resolver.warning = true
	os.arch = amd64
	os.name = Windows 11
	os.version = 10.0
	path.separator = ;
	stderr.encoding = cp866
	stdout.encoding = cp866
	sun.arch.data.model = 64
	sun.boot.library.path = C:\Program Files\Java\jdk-21\bin
	sun.cpu.endian = little
	sun.cpu.isalist = amd64
	sun.io.unicode.encoding = UnicodeLittle
	sun.java.command = C:\Dev\Projects\1\lab2_web_itmo\wildfly\jboss-modules.jar -mp C:\Dev\Projects\1\lab2_web_itmo\wildfly\modules org.jboss.as.standalone
	sun.java.launcher = SUN_STANDARD
	sun.jnu.encoding = Cp1251
	sun.management.compiler = HotSpot 64-Bit Tiered Compilers
	sun.os.patch.level = 
	user.country = RU
	user.dir = C:\Dev\Projects\1\lab2_web_itmo\wildfly
	user.home = C:\Users\user
	user.language = ru
	user.name = user
	user.script = 
	user.timezone = Europe/Moscow
	user.variant = 
2024-11-13 16:09:15,669 DEBUG [org.jboss.as.config] (MSC service thread 1-1) VM Arguments: -Xms64M -Xmx512M -XX:MetaspaceSize=96M -XX:MaxMetaspaceSize=256m -Djava.net.preferIPv4Stack=true -Djboss.modules.system.pkgs=org.jboss.byteman -Djava.awt.headless=true -Djdk.serialFilter=maxbytes=10485760;maxdepth=128;maxarray=100000;maxrefs=300000 --add-exports=java.desktop/sun.awt=ALL-UNNAMED --add-exports=java.naming/com.sun.jndi.ldap=ALL-UNNAMED --add-exports=java.naming/com.sun.jndi.url.ldap=ALL-UNNAMED --add-exports=java.naming/com.sun.jndi.url.ldaps=ALL-UNNAMED --add-exports=jdk.naming.dns/com.sun.jndi.dns=ALL-UNNAMED --add-opens=java.base/java.lang=ALL-UNNAMED --add-opens=java.base/java.lang.invoke=ALL-UNNAMED --add-opens=java.base/java.lang.reflect=ALL-UNNAMED --add-opens=java.base/java.io=ALL-UNNAMED --add-opens=java.base/java.net=ALL-UNNAMED --add-opens=java.base/java.security=ALL-UNNAMED --add-opens=java.base/java.util=ALL-UNNAMED --add-opens=java.base/java.util.concurrent=ALL-UNNAMED --add-opens=java.management/javax.management=ALL-UNNAMED --add-opens=java.naming/javax.naming=ALL-UNNAMED -Djava.security.manager=allow -Dorg.jboss.boot.log.file=C:\Dev\Projects\1\lab2_web_itmo\wildfly\standalone\log/server.log -Dlogging.configuration=file:C:\Dev\Projects\1\lab2_web_itmo\wildfly\standalone\configuration/logging.properties -Djboss.home.dir=C:\Dev\Projects\1\lab2_web_itmo\wildfly -Djboss.server.base.dir=C:\Dev\Projects\1\lab2_web_itmo\wildfly\standalone -Djboss.server.config.dir=C:\Dev\Projects\1\lab2_web_itmo\wildfly\standalone\configuration 
2024-11-13 16:09:16,247 INFO  [org.wildfly.security] (Controller Boot Thread) ELY00001: WildFly Elytron version 2.5.1.Final
2024-11-13 16:09:16,867 INFO  [org.jboss.as.repository] (ServerService Thread Pool -- 33) WFLYDR0001: Content added at location C:\Dev\Projects\1\lab2_web_itmo\wildfly\standalone\data\content\9a\cfa57f3eec46e92cc736fa690e87406b346637\content
2024-11-13 16:09:16,898 INFO  [org.jboss.as.server] (Controller Boot Thread) WFLYSRV0039: Creating http management service using socket-binding (management-http)
2024-11-13 16:09:16,919 INFO  [org.xnio] (MSC service thread 1-6) XNIO version 3.8.16.Final
2024-11-13 16:09:16,927 INFO  [org.xnio.nio] (MSC service thread 1-6) XNIO NIO Implementation Version 3.8.16.Final
2024-11-13 16:09:16,968 INFO  [org.wildfly.extension.elytron.oidc._private] (ServerService Thread Pool -- 53) WFLYOIDC0001: Activating WildFly Elytron OIDC Subsystem
2024-11-13 16:09:16,968 INFO  [org.jboss.as.clustering.infinispan] (ServerService Thread Pool -- 55) WFLYCLINF0001: Activating Infinispan subsystem.
2024-11-13 16:09:16,973 INFO  [org.jboss.as.jaxrs] (ServerService Thread Pool -- 57) WFLYRS0016: RESTEasy version 6.2.10.Final
2024-11-13 16:09:16,974 INFO  [org.wildfly.extension.health] (ServerService Thread Pool -- 54) WFLYHEALTH0001: Activating Base Health Subsystem
2024-11-13 16:09:16,976 WARN  [org.jboss.as.txn] (ServerService Thread Pool -- 74) WFLYTX0013: The node-identifier attribute on the /subsystem=transactions is set to the default value. This is a danger for environments running multiple servers. Please make sure the attribute value is unique.
2024-11-13 16:09:16,977 INFO  [org.wildfly.extension.microprofile.jwt.smallrye] (ServerService Thread Pool -- 66) WFLYJWT0001: Activating MicroProfile JWT Subsystem
2024-11-13 16:09:16,980 INFO  [org.wildfly.extension.microprofile.config.smallrye] (ServerService Thread Pool -- 65) WFLYCONF0001: Activating MicroProfile Config Subsystem
2024-11-13 16:09:16,997 INFO  [org.jboss.as.naming] (ServerService Thread Pool -- 67) WFLYNAM0001: Activating Naming Subsystem
2024-11-13 16:09:17,002 INFO  [org.jboss.as.jsf] (ServerService Thread Pool -- 62) WFLYJSF0007: Activated the following Jakarta Server Faces Implementations: [main]
2024-11-13 16:09:17,027 INFO  [org.jboss.as.webservices] (ServerService Thread Pool -- 76) WFLYWS0002: Activating WebServices Extension
2024-11-13 16:09:17,037 INFO  [org.wildfly.extension.metrics] (ServerService Thread Pool -- 64) WFLYMETRICS0001: Activating Base Metrics Subsystem
2024-11-13 16:09:17,045 INFO  [org.jboss.as.connector] (MSC service thread 1-8) WFLYJCA0009: Starting Jakarta Connectors Subsystem (WildFly/IronJacamar 3.0.9.Final)
2024-11-13 16:09:17,067 INFO  [org.wildfly.extension.io] (ServerService Thread Pool -- 56) WFLYIO001: Worker 'default' has auto-configured to 24 IO threads with 192 max task threads based on your 12 available processors
2024-11-13 16:09:17,100 INFO  [org.jboss.as.server.deployment] (MSC service thread 1-2) WFLYSRV0027: Starting deployment of "server.war" (runtime-name: "server.war")
2024-11-13 16:09:17,121 INFO  [org.jboss.as.naming] (MSC service thread 1-6) WFLYNAM0003: Starting Naming Service
2024-11-13 16:09:17,122 INFO  [org.jboss.as.connector.subsystems.datasources] (ServerService Thread Pool -- 44) WFLYJCA0004: Deploying JDBC-compliant driver class org.h2.Driver (version 2.2)
2024-11-13 16:09:17,156 INFO  [org.jboss.remoting] (MSC service thread 1-3) JBoss Remoting version 5.0.29.Final
2024-11-13 16:09:17,157 INFO  [org.wildfly.extension.undertow] (MSC service thread 1-7) WFLYUT0003: Undertow 2.3.15.Final starting
2024-11-13 16:09:17,162 INFO  [org.jboss.as.mail.extension] (MSC service thread 1-7) WFLYMAIL0001: Bound mail session [java:jboss/mail/Default]
2024-11-13 16:09:17,163 INFO  [org.jboss.as.connector.deployers.jdbc] (MSC service thread 1-7) WFLYJCA0018: Started Driver service with driver-name = h2
2024-11-13 16:09:17,191 WARN  [org.wildfly.extension.elytron] (MSC service thread 1-6) WFLYELY00023: KeyStore file 'C:\Dev\Projects\1\lab2_web_itmo\wildfly\standalone\configuration\application.keystore' does not exist. Used blank.
2024-11-13 16:09:17,230 WARN  [org.wildfly.extension.elytron] (MSC service thread 1-6) WFLYELY01084: KeyStore C:\Dev\Projects\1\lab2_web_itmo\wildfly\standalone\configuration\application.keystore not found, it will be auto-generated on first use with a self-signed certificate for host localhost
2024-11-13 16:09:17,257 INFO  [org.wildfly.extension.undertow] (ServerService Thread Pool -- 75) WFLYUT0014: Creating file handler for path 'C:\Dev\Projects\1\lab2_web_itmo\wildfly/welcome-content' with options [directory-listing: 'false', follow-symlink: 'false', case-sensitive: 'true', safe-symlink-paths: '[]']
2024-11-13 16:09:17,275 INFO  [org.jboss.as.ejb3] (MSC service thread 1-8) WFLYEJB0482: Strict pool mdb-strict-max-pool is using a max instance size of 48 (per class), which is derived from the number of CPUs on this host.
2024-11-13 16:09:17,275 INFO  [org.jboss.as.ejb3] (MSC service thread 1-6) WFLYEJB0481: Strict pool slsb-strict-max-pool is using a max instance size of 192 (per class), which is derived from thread worker pool sizing.
2024-11-13 16:09:17,302 INFO  [org.wildfly.extension.undertow] (MSC service thread 1-6) WFLYUT0012: Started server default-server.
2024-11-13 16:09:17,302 INFO  [org.wildfly.extension.undertow] (MSC service thread 1-2) Queuing requests.
2024-11-13 16:09:17,308 INFO  [org.wildfly.extension.undertow] (MSC service thread 1-2) WFLYUT0018: Host default-host starting
2024-11-13 16:09:17,397 INFO  [org.wildfly.extension.undertow] (MSC service thread 1-7) WFLYUT0006: Undertow HTTP listener default listening on 127.0.0.1:8080
2024-11-13 16:09:17,447 INFO  [org.wildfly.extension.undertow] (MSC service thread 1-5) WFLYUT0006: Undertow HTTPS listener https listening on 127.0.0.1:8443
